<?xml version="1.0" encoding="UTF-8"?>
<persistence version="2.0" xmlns="http://java.sun.com/xml/ns/persistence"
             xmlns:xsi="http://www.w3.org/2001/XMLSchema-instance"
             xsi:schemaLocation="http://java.sun.com/xml/ns/persistence http://java.sun.com/xml/ns/persistence/persistence_2_0.xsd">
    <!--<persistence-unit name="inoutPU" transaction-type="JTA">-->
        <!--<provider>org.eclipse.persistence.jpa.PersistenceProvider</provider>-->
        <!--<jta-data-source>jdbc/music_game_embedded</jta-data-source>-->
        <!--<exclude-unlisted-classes>false</exclude-unlisted-classes>-->
        <!--<shared-cache-mode>ALL</shared-cache-mode>-->
        <!--<properties>-->
            <!--<property name="javax.persistence.jdbc.driver" value="org.apache.derby.jdbc.EmbeddedDriver"/>-->
            <!--<property name="javax.persistence.jdbc.url" value="jdbc:derby:music_game_embedded;create=true"/>-->
            <!--<property name="eclipselink.ddl-generation" value="drop-and-create-tables"/>-->
            <!--<property name="eclipselink.target-database" value="Derby"/>-->
            <!--<property name="eclipselink.debug" value="OFF"/>-->
            <!--<property name="eclipselink.weaving" value="static"/>-->
            <!--&lt;!&ndash;<property name="eclipselink.logging.level" value="FINEST"/>&ndash;&gt;-->
            <!--<property name="eclipselink.logging.level.sql" value="FINE"/>-->
            <!--<property name="eclipselink.logging.parameters" value="true"/>-->
            <!--&lt;!&ndash;<property name="eclipselink.logging.level.cache" value="FINEST"/>&ndash;&gt;-->
            <!--<property name="eclipselink.logging.logger" value="DefaultLogger"/>-->
        <!--</properties>-->
    <!--</persistence-unit>-->
    <persistence-unit name="test" transaction-type="JTA">
    <provider>org.hibernate.ejb.HibernatePersistence</provider>
        <jta-data-source>java:jboss/datasources/MysqlDS</jta-data-source>
    <!--<jta-data-source>jdbc/music_game_mysql</jta-data-source>-->
    <properties>
        <!--<property name="hibernate.hbm2ddl.auto" value="create"/>-->
        <property name="hibernate.show_sql" value="true" />
        <!--<property name="hibernate.dialect" value="org.hibernate.dialect.MySQLDialect"/>-->
        <!--
          if you don't have a database already created
          append ;create=true to end of the jdbc url
        -->
        <!--
          if you just created the database, maybe
          you want hibernate to create a schema for you

          <property name="hibernate.hbm2ddl.auto" value="create"/>
        -->
    </properties>
</persistence-unit>
</persistence>